<?xml version="1.0" encoding="UTF-8"?>
<!-- Generated by org.testng.reporters.JUnitXMLReporter -->
<testsuite ignored="0" hostname="DESKTOP-NFTVRKJ" failures="0" tests="4" name="Default test" time="0.143" errors="0" timestamp="2025-05-22T17:06:50 IST">
  <testcase classname="TestNg.ex5_Keywords_Priority" name="tc3" time="0.011"/>
  <testcase classname="TestNg.ex5_Keywords_Priority" name="tc1" time="0.004"/>
  <testcase classname="TestNg.ex5_Keywords_Priority" name="tc2" time="0.003"/>
  <testcase classname="TestNg.ex5_Keywords_Priority" name="tc4" time="0.005"/>
</testsuite> <!-- Default test -->
