<?xml version="1.0" encoding="UTF-8"?>
<!-- Generated by org.testng.reporters.JUnitXMLReporter -->
<testsuite ignored="3" hostname="DESKTOP-NFTVRKJ" failures="0" tests="3" name="Test" time="0.216" errors="0" timestamp="2025-04-27T10:47:09 IST">
  <testcase classname="TestNg.ex8_GroupingClass1" name="Tc2" time="0.024"/>
  <testcase classname="TestNg.ex9_GroupingClass2" name="Tc4" time="0.006"/>
  <testcase classname="TestNg.ex9_GroupingClass2" name="Tc6" time="0.006"/>
  <testcase classname="TestNg.ex9_GroupingClass2" name="Tc5" time="0.0">
    <ignored/>
  </testcase> <!-- Tc5 -->
  <testcase classname="TestNg.ex8_GroupingClass1" name="Tc3" time="0.0">
    <ignored/>
  </testcase> <!-- Tc3 -->
  <testcase classname="TestNg.ex8_GroupingClass1" name="Tc1" time="0.0">
    <ignored/>
  </testcase> <!-- Tc1 -->
</testsuite> <!-- Test -->
