<?xml version="1.0" encoding="UTF-8"?>
<testng-results ignored="0" total="3" passed="3" failed="0" skipped="0">
  <reporter-output>
  </reporter-output>
  <suite started-at="2025-05-22T17:08:36 IST" name="Suite" finished-at="2025-05-22T17:09:04 IST" duration-ms="28122">
    <groups>
    </groups>
    <test started-at="2025-05-22T17:08:36 IST" name="Test2" finished-at="2025-05-22T17:09:01 IST" duration-ms="25003">
      <class name="TestNg.ex10_Parallel2">
        <test-method signature="Tc2()[pri:0, instance:TestNg.ex10_Parallel2@d554c5f]" started-at="2025-05-22T17:08:36 IST" name="Tc2" finished-at="2025-05-22T17:09:01 IST" duration-ms="24938" status="PASS">
          <reporter-output>
          </reporter-output>
        </test-method> <!-- Tc2 -->
      </class> <!-- TestNg.ex10_Parallel2 -->
    </test> <!-- Test2 -->
    <test started-at="2025-05-22T17:08:36 IST" name="Test1" finished-at="2025-05-22T17:09:01 IST" duration-ms="24879">
      <class name="TestNg.ex10_Parallel1">
        <test-method signature="Tc1()[pri:0, instance:TestNg.ex10_Parallel1@231f98ef]" started-at="2025-05-22T17:08:36 IST" name="Tc1" finished-at="2025-05-22T17:09:01 IST" duration-ms="24807" status="PASS">
          <reporter-output>
          </reporter-output>
        </test-method> <!-- Tc1 -->
      </class> <!-- TestNg.ex10_Parallel1 -->
    </test> <!-- Test1 -->
    <test started-at="2025-05-22T17:08:36 IST" name="Test3" finished-at="2025-05-22T17:09:04 IST" duration-ms="28120">
      <class name="TestNg.Ex10_Parallel3">
        <test-method signature="Tc3()[pri:0, instance:TestNg.Ex10_Parallel3@14fc5f04]" started-at="2025-05-22T17:08:36 IST" name="Tc3" finished-at="2025-05-22T17:09:04 IST" duration-ms="28056" status="PASS">
          <reporter-output>
          </reporter-output>
        </test-method> <!-- Tc3 -->
      </class> <!-- TestNg.Ex10_Parallel3 -->
    </test> <!-- Test3 -->
  </suite> <!-- Suite -->
</testng-results>
