<?xml version="1.0" encoding="UTF-8"?>
<testng-results ignored="0" total="2" passed="2" failed="0" skipped="0">
  <reporter-output>
  </reporter-output>
  <suite started-at="2025-01-04T21:46:48 IST" name="Suite" finished-at="2025-01-04T21:47:29 IST" duration-ms="41052">
    <groups>
    </groups>
    <test started-at="2025-01-04T21:46:48 IST" name="Test" finished-at="2025-01-04T21:47:27 IST" duration-ms="39044">
      <class name="TestNg.ex15_MultibrowserTesting">
        <test-method signature="Tc(java.lang.String)[pri:0, instance:TestNg.ex15_MultibrowserTesting@8462f31]" started-at="2025-01-04T21:46:48 IST" name="Tc" finished-at="2025-01-04T21:47:27 IST" duration-ms="38806" status="PASS">
          <params>
            <param index="0">
              <value>
                <![CDATA[chrome]]>
              </value>
            </param>
          </params>
          <reporter-output>
          </reporter-output>
        </test-method> <!-- Tc -->
      </class> <!-- TestNg.ex15_MultibrowserTesting -->
    </test> <!-- Test -->
    <test started-at="2025-01-04T21:46:48 IST" name="Test2" finished-at="2025-01-04T21:47:29 IST" duration-ms="41052">
      <class name="TestNg.ex15_MultibrowserTesting">
        <test-method signature="Tc(java.lang.String)[pri:0, instance:TestNg.ex15_MultibrowserTesting@6a8658ff]" started-at="2025-01-04T21:46:48 IST" name="Tc" finished-at="2025-01-04T21:47:29 IST" duration-ms="40919" status="PASS">
          <params>
            <param index="0">
              <value>
                <![CDATA[edge]]>
              </value>
            </param>
          </params>
          <reporter-output>
          </reporter-output>
        </test-method> <!-- Tc -->
      </class> <!-- TestNg.ex15_MultibrowserTesting -->
    </test> <!-- Test2 -->
  </suite> <!-- Suite -->
</testng-results>
